0 info it worked if it ends with ok
1 verbose cli [ '/usr/bin/node', '/usr/bin/npm', 'start' ]
2 info using npm@3.5.2
3 info using node@v8.10.0
4 verbose run-script [ 'prestart', 'start', 'poststart' ]
5 info lifecycle dashcraft_rn_game@1.0.0~prestart: dashcraft_rn_game@1.0.0
6 silly lifecycle dashcraft_rn_game@1.0.0~prestart: no script for prestart, continuing
7 info lifecycle dashcraft_rn_game@1.0.0~start: dashcraft_rn_game@1.0.0
8 verbose lifecycle dashcraft_rn_game@1.0.0~start: unsafe-perm in lifecycle true
9 verbose lifecycle dashcraft_rn_game@1.0.0~start: PATH: /usr/share/npm/bin/node-gyp-bin:/mnt/c/Users/aaron/Desktop/ke3/server/node_modules/.bin:/home/aaron/gems/bin:/usr/local/sbin:/usr/local/bin:/usr/sbin:/usr/bin:/sbin:/bin:/usr/games:/usr/local/games:/mnt/c/Program Files (x86)/Common Files/Intel/Shared Libraries/redist/intel64_win/compiler:/mnt/c/Program Files (x86)/Common Files/Oracle/Java/javapath_target_8975640:/mnt/c/ProgramData/Oracle/Java/javapath_target_9055968:/mnt/c/Program Files (x86)/Intel/iCLS Client:/mnt/c/Program Files/Intel/iCLS Client:/mnt/c/Windows/System32:/mnt/c/Windows:/mnt/c/Windows/System32/wbem:/mnt/c/Windows/System32/WindowsPowerShell/v1.0:/mnt/c/Program Files/Intel/WiFi/bin:/mnt/c/Program Files/Common Files/Intel/WirelessCommon:/mnt/c/Program Files (x86)/QuickTime/QTSystem:/mnt/c/Program Files/Git/cmd:/mnt/c/Program Files/Microsoft SQL Server/110/Tools/Binn:/mnt/c/Program Files (x86)/Intel/Intel(R) Management Engine Components/DAL:/mnt/c/Program Files/Intel/Intel(R) Management Engine Components/DAL:/mnt/c/Program Files (x86)/Intel/Intel(R) Management Engine Components/IPT:/mnt/c/Program Files/Intel/Intel(R) Management Engine Components/IPT:/mnt/c/Windows/System32:/mnt/c/Windows:/mnt/c/Windows/System32/wbem:/mnt/c/Windows/System32/WindowsPowerShell/v1.0:/mnt/c/Windows/System32/OpenSSH:/mnt/c/Program Files/PuTTY:/mnt/c/Program Files/nodejs:/mnt/c/Program Files (x86)/NVIDIA Corporation/PhysX/Common:/mnt/c/Program Files/Microsoft VS Code/bin:/mnt/c/Program Files/Microsoft SQL Server/130/Tools/Binn:/mnt/c/Users/aaron/AppData/Local/Microsoft/WindowsApps:/mnt/c/Program Files/Intel/WiFi/bin:/mnt/c/Program Files/Common Files/Intel/WirelessCommon:/mnt/c/Program Files/Microsoft VS Code/bin:/mnt/c/Users/aaron/AppData/Roaming/npm:/mnt/c/python27-x64:/mnt/c/Users/aaron/AppData/Local/Programs/Microsoft VS Code/bin:/mnt/c/Program Files (x86)/Nmap:/snap/bin
10 verbose lifecycle dashcraft_rn_game@1.0.0~start: CWD: /mnt/c/Users/aaron/Desktop/ke3/server
11 silly lifecycle dashcraft_rn_game@1.0.0~start: Args: [ '-c', 'nodemon ./out/index.js' ]
12 silly lifecycle dashcraft_rn_game@1.0.0~start: Returned: code: 137  signal: null
13 info lifecycle dashcraft_rn_game@1.0.0~start: Failed to exec start script
14 verbose stack Error: dashcraft_rn_game@1.0.0 start: `nodemon ./out/index.js`
14 verbose stack Exit status 137
14 verbose stack     at EventEmitter.<anonymous> (/usr/share/npm/lib/utils/lifecycle.js:232:16)
14 verbose stack     at emitTwo (events.js:126:13)
14 verbose stack     at EventEmitter.emit (events.js:214:7)
14 verbose stack     at ChildProcess.<anonymous> (/usr/share/npm/lib/utils/spawn.js:24:14)
14 verbose stack     at emitTwo (events.js:126:13)
14 verbose stack     at ChildProcess.emit (events.js:214:7)
14 verbose stack     at maybeClose (internal/child_process.js:925:16)
14 verbose stack     at Process.ChildProcess._handle.onexit (internal/child_process.js:209:5)
15 verbose pkgid dashcraft_rn_game@1.0.0
16 verbose cwd /mnt/c/Users/aaron/Desktop/ke3/server
17 error Linux 4.4.0-17134-Microsoft
18 error argv "/usr/bin/node" "/usr/bin/npm" "start"
19 error node v8.10.0
20 error npm  v3.5.2
21 error code ELIFECYCLE
22 error dashcraft_rn_game@1.0.0 start: `nodemon ./out/index.js`
22 error Exit status 137
23 error Failed at the dashcraft_rn_game@1.0.0 start script 'nodemon ./out/index.js'.
23 error Make sure you have the latest version of node.js and npm installed.
23 error If you do, this is most likely a problem with the dashcraft_rn_game package,
23 error not with npm itself.
23 error Tell the author that this fails on your system:
23 error     nodemon ./out/index.js
23 error You can get information on how to open an issue for this project with:
23 error     npm bugs dashcraft_rn_game
23 error Or if that isn't available, you can get their info via:
23 error     npm owner ls dashcraft_rn_game
23 error There is likely additional logging output above.
24 verbose exit [ 1, true ]
